0 info it worked if it ends with ok
1 verbose cli [ 'C:\\Program Files\\nodejs\\node.exe',
1 verbose cli   'C:\\Users\\Asus\\AppData\\Roaming\\npm\\node_modules\\npm\\bin\\npm-cli.js',
1 verbose cli   'start' ]
2 info using npm@3.10.10
3 info using node@v8.9.4
4 verbose run-script [ 'prestart', 'start', 'poststart' ]
5 info lifecycle cosmas@1.0.0~prestart: cosmas@1.0.0
6 silly lifecycle cosmas@1.0.0~prestart: no script for prestart, continuing
7 info lifecycle cosmas@1.0.0~start: cosmas@1.0.0
8 verbose lifecycle cosmas@1.0.0~start: unsafe-perm in lifecycle true
9 verbose lifecycle cosmas@1.0.0~start: PATH: C:\Users\Asus\AppData\Roaming\npm\node_modules\npm\bin\node-gyp-bin;C:\Users\Asus\Downloads\cosmas-master\node_modules\.bin;C:\ProgramData\Oracle\Java\javapath;C:\WINDOWS\system32;C:\WINDOWS;C:\WINDOWS\System32\Wbem;C:\WINDOWS\System32\WindowsPowerShell\v1.0\;C:\Program Files (x86)\ATI Technologies\ATI.ACE\Core-Static;C:\Program Files (x86)\GtkSharp\2.12\bin;C:\Users\Asus\AppData\Roaming\Cloud Foundry;C:\Program Files\nodejs\;C:\xampp\php;C:\ProgramData\ComposerSetup\bin;C:\WINDOWS\System32\OpenSSH\;C:\Program Files\Git\cmd;C:\Program Files\dotnet\;C:\Program Files\Microsoft SQL Server\130\Tools\Binn\;C:\Program Files\Java\jdk1.8.0_65\bin;C:\Users\Asus\AppData\Local\Microsoft\WindowsApps;C:\Users\Asus\AppData\Roaming\npm;C:\Users\Asus\AppData\Roaming\Composer\vendor\bin;C:\Program Files\heroku\bin
10 verbose lifecycle cosmas@1.0.0~start: CWD: C:\Users\Asus\Downloads\cosmas-master
11 silly lifecycle cosmas@1.0.0~start: Args: [ '/d /s /c',
11 silly lifecycle   'webpack-dev-server --config webpack.dev.js --mode development' ]
12 silly lifecycle cosmas@1.0.0~start: Returned: code: 3221225786  signal: null
13 info lifecycle cosmas@1.0.0~start: Failed to exec start script
14 verbose stack Error: cosmas@1.0.0 start: `webpack-dev-server --config webpack.dev.js --mode development`
14 verbose stack Exit status 3221225786
14 verbose stack     at EventEmitter.<anonymous> (C:\Users\Asus\AppData\Roaming\npm\node_modules\npm\lib\utils\lifecycle.js:255:16)
14 verbose stack     at emitTwo (events.js:126:13)
14 verbose stack     at EventEmitter.emit (events.js:214:7)
14 verbose stack     at ChildProcess.<anonymous> (C:\Users\Asus\AppData\Roaming\npm\node_modules\npm\lib\utils\spawn.js:40:14)
14 verbose stack     at emitTwo (events.js:126:13)
14 verbose stack     at ChildProcess.emit (events.js:214:7)
14 verbose stack     at maybeClose (internal/child_process.js:925:16)
14 verbose stack     at Process.ChildProcess._handle.onexit (internal/child_process.js:209:5)
15 verbose pkgid cosmas@1.0.0
16 verbose cwd C:\Users\Asus\Downloads\cosmas-master
17 error Windows_NT 10.0.17134
18 error argv "C:\\Program Files\\nodejs\\node.exe" "C:\\Users\\Asus\\AppData\\Roaming\\npm\\node_modules\\npm\\bin\\npm-cli.js" "start"
19 error node v8.9.4
20 error npm  v3.10.10
21 error code ELIFECYCLE
22 error cosmas@1.0.0 start: `webpack-dev-server --config webpack.dev.js --mode development`
22 error Exit status 3221225786
23 error Failed at the cosmas@1.0.0 start script 'webpack-dev-server --config webpack.dev.js --mode development'.
23 error Make sure you have the latest version of node.js and npm installed.
23 error If you do, this is most likely a problem with the cosmas package,
23 error not with npm itself.
23 error Tell the author that this fails on your system:
23 error     webpack-dev-server --config webpack.dev.js --mode development
23 error You can get information on how to open an issue for this project with:
23 error     npm bugs cosmas
23 error Or if that isn't available, you can get their info via:
23 error     npm owner ls cosmas
23 error There is likely additional logging output above.
24 verbose exit [ 1, true ]
